17-10-2024 16:35:30         Start OK!
17-10-2024 16:35:30        Working...
17-10-2024 16:35:35        Working...
17-10-2024 16:35:40        Working...
17-10-2024 16:35:45        Working...
17-10-2024 16:35:50        Working...
17-10-2024 16:35:55        Working...
17-10-2024 16:36:00        Working...
17-10-2024 17:16:03         Start OK!
17-10-2024 17:16:03        Working...
17-10-2024 17:16:08        Working...
17-10-2024 17:16:13        Working...
17-10-2024 17:16:18        Working...
17-10-2024 17:16:23        Working...
17-10-2024 17:16:28        Working...
17-10-2024 17:16:33        Working...
17-10-2024 17:16:38        Working...
17-10-2024 17:16:43        Working...
17-10-2024 17:16:48        Working...
17-10-2024 17:16:53        Working...
17-10-2024 17:16:58        Working...
17-10-2024 17:17:03        Working...
17-10-2024 17:17:08        Working...
17-10-2024 17:17:13        Working...
17-10-2024 17:17:18        Working...
17-10-2024 17:17:23        Working...
17-10-2024 17:17:28        Working...
17-10-2024 17:25:58        Start OK!
17-10-2024 17:25:58        
17-10-2024 17:26:05        
17-10-2024 17:26:11        
17-10-2024 17:26:17        
17-10-2024 17:26:23        
17-10-2024 17:26:29        
17-10-2024 17:26:35        
17-10-2024 17:31:02        Start OK!
17-10-2024 17:31:02        
17-10-2024 17:31:08        
17-10-2024 17:31:15        
17-10-2024 17:31:21        
17-10-2024 17:31:27        
17-10-2024 17:31:33        
17-10-2024 17:37:13         Start OK!
17-10-2024 17:37:13        Working...
17-10-2024 17:37:18        Working...
17-10-2024 17:37:23        Working...
17-10-2024 17:37:28        Working...
17-10-2024 17:37:33        Working...
17-10-2024 17:37:38        Working...
17-10-2024 17:37:43        Working...
17-10-2024 17:37:48        Working...
17-10-2024 17:37:53        Working...
17-10-2024 17:37:58        Working...
17-10-2024 17:38:03        Working...
17-10-2024 17:38:08        Working...
17-10-2024 17:38:13        Working...
17-10-2024 17:38:18        Working...
17-10-2024 17:38:23        Working...
17-10-2024 17:38:28        Working...
17-10-2024 17:38:33        Working...
17-10-2024 17:38:38        Working...
17-10-2024 17:38:43        Working...
17-10-2024 17:38:48        Working...
17-10-2024 17:38:53        Working...
17-10-2024 17:38:58        Working...
17-10-2024 17:39:03        Working...
17-10-2024 17:39:08        Working...
17-10-2024 17:39:13        Working...
17-10-2024 17:39:18        Working...
17-10-2024 17:39:23        Working...
17-10-2024 17:39:28        Working...
17-10-2024 17:39:33        Working...
17-10-2024 17:39:38        Working...
17-10-2024 17:39:43        Working...
17-10-2024 17:39:48        Working...
17-10-2024 17:39:53        Working...
17-10-2024 17:39:58        Working...
17-10-2024 17:40:03        Working...
17-10-2024 17:40:08        Working...
17-10-2024 17:40:13        Working...
17-10-2024 17:40:18        Working...
17-10-2024 17:40:23        Working...
17-10-2024 17:40:28        Working...
17-10-2024 17:40:33        Working...
17-10-2024 17:40:38        Working...
17-10-2024 17:40:43        Working...
17-10-2024 17:40:48        Working...
17-10-2024 17:40:53        Working...
17-10-2024 17:40:58        Working...
17-10-2024 17:41:03        Working...
17-10-2024 17:41:08        Working...
17-10-2024 17:41:13        Working...
17-10-2024 17:41:18        Working...
17-10-2024 17:41:23        Working...
17-10-2024 17:41:28        Working...
17-10-2024 17:41:33        Working...
17-10-2024 17:41:38        Working...
17-10-2024 17:41:43        Working...
17-10-2024 17:41:48        Working...
17-10-2024 17:41:53        Working...
17-10-2024 17:41:58        Working...
17-10-2024 17:42:03        Working...
17-10-2024 17:42:08        Working...
17-10-2024 17:42:13        Working...
17-10-2024 17:42:18        Working...
17-10-2024 17:42:23        Working...
17-10-2024 17:42:28        Working...
17-10-2024 17:42:33        Working...
17-10-2024 17:42:38        Working...
17-10-2024 17:42:43        Working...
17-10-2024 17:42:48        Working...
17-10-2024 17:42:53        Working...
17-10-2024 17:42:58        Working...
17-10-2024 17:43:03        Working...
17-10-2024 17:43:08        Working...
17-10-2024 17:43:13        Working...
17-10-2024 17:43:18        Working...
17-10-2024 17:43:23        Working...
17-10-2024 17:43:28        Working...
17-10-2024 17:43:33        Working...
17-10-2024 17:43:38        Working...
17-10-2024 17:43:43        Working...
17-10-2024 17:43:48        Working...
17-10-2024 17:43:53        Working...
17-10-2024 17:43:58        Working...
17-10-2024 17:44:03        Working...
17-10-2024 17:44:08        Working...
17-10-2024 17:44:13        Working...
17-10-2024 17:44:18        Working...
17-10-2024 17:44:23        Working...
17-10-2024 17:44:28        Working...
17-10-2024 17:44:33        Working...
17-10-2024 17:44:38        Working...
17-10-2024 17:44:43        Working...
17-10-2024 17:44:48        Working...
17-10-2024 17:44:53        Working...
17-10-2024 17:44:58        Working...
17-10-2024 17:45:03        Working...
17-10-2024 17:45:08        Working...
17-10-2024 17:45:13        Working...
17-10-2024 17:45:18        Working...
17-10-2024 17:45:23        Working...
17-10-2024 17:45:28        Working...
17-10-2024 17:45:33        Working...
17-10-2024 17:45:38        Working...
17-10-2024 17:45:43        Working...
17-10-2024 17:45:48        Working...
17-10-2024 17:45:53        Working...
17-10-2024 17:45:58        Working...
17-10-2024 17:46:03        Working...
17-10-2024 17:46:08        Working...
17-10-2024 17:46:13        Working...
17-10-2024 17:46:18        Working...
17-10-2024 17:46:23        Working...
17-10-2024 17:46:28        Working...
17-10-2024 17:46:33        Working...
17-10-2024 17:46:38        Working...
17-10-2024 17:46:43        Working...
17-10-2024 17:46:48        Working...
17-10-2024 17:46:53        Working...
17-10-2024 17:46:58        Working...
17-10-2024 17:47:03        Working...
17-10-2024 17:47:08        Working...
17-10-2024 17:47:13        Working...
17-10-2024 17:47:18        Working...
17-10-2024 17:47:23        Working...
17-10-2024 17:47:28        Working...
17-10-2024 17:47:33        Working...
17-10-2024 17:47:38        Working...
17-10-2024 17:47:43        Working...
17-10-2024 17:47:48        Working...
17-10-2024 17:47:53        Working...
17-10-2024 17:47:58        Working...
17-10-2024 17:48:03        Working...
17-10-2024 17:48:08        Working...
17-10-2024 17:48:13        Working...
17-10-2024 17:48:18        Working...
17-10-2024 17:48:23        Working...
17-10-2024 17:48:28        Working...
17-10-2024 17:51:48         Start OK!
17-10-2024 17:51:48        
17-10-2024 17:51:54        
17-10-2024 17:52:00        
17-10-2024 17:52:06        
17-10-2024 17:52:12        
17-10-2024 17:52:19        
17-10-2024 17:52:25        
17-10-2024 17:52:31        
17-10-2024 17:52:37        
17-10-2024 18:00:19         Start OK!
17-10-2024 18:00:19        
17-10-2024 18:00:25        
17-10-2024 18:00:31        
17-10-2024 18:00:37        
17-10-2024 18:00:44        
17-10-2024 18:00:50        
17-10-2024 18:00:56        
17-10-2024 18:01:02        
17-10-2024 18:01:08        
17-10-2024 18:01:14        
17-10-2024 18:01:20        
17-10-2024 18:01:26        
17-10-2024 18:01:32        
17-10-2024 18:01:39        
17-10-2024 18:01:45        
17-10-2024 18:01:51        
17-10-2024 18:01:57        
17-10-2024 18:02:03        
17-10-2024 18:02:09        
17-10-2024 18:02:15        
17-10-2024 18:02:21        
17-10-2024 18:02:28        
17-10-2024 18:02:34        
17-10-2024 18:02:40        
17-10-2024 18:02:46        
17-10-2024 18:02:52        
17-10-2024 18:02:58        
17-10-2024 18:03:04        
17-10-2024 18:03:10        
17-10-2024 18:03:16        
17-10-2024 18:03:23        
17-10-2024 18:03:29        
17-10-2024 18:03:35        
17-10-2024 18:03:41        
17-10-2024 18:03:47        
17-10-2024 18:03:53        
17-10-2024 18:03:59        
17-10-2024 18:04:05        
17-10-2024 18:04:12        
17-10-2024 18:04:18        
17-10-2024 18:04:24        
17-10-2024 18:04:30        
17-10-2024 18:04:36        
17-10-2024 18:04:42        
17-10-2024 18:04:48        
17-10-2024 18:05:06         Start OK!
17-10-2024 18:05:06        
17-10-2024 18:05:12        
17-10-2024 18:05:18        
17-10-2024 18:05:24        
17-10-2024 18:05:30        
17-10-2024 18:05:36        
17-10-2024 18:05:43        
17-10-2024 18:05:49        
17-10-2024 18:05:55        
17-10-2024 18:06:01        
17-10-2024 18:06:07        
17-10-2024 18:06:13        
17-10-2024 18:06:19        
17-10-2024 18:06:25        
17-10-2024 18:07:27         Start OK!
17-10-2024 18:07:27        
17-10-2024 18:07:33        
17-10-2024 18:07:40        
17-10-2024 18:07:46        
17-10-2024 18:07:52        
17-10-2024 18:07:58        
17-10-2024 18:08:04        
17-10-2024 18:08:10        
17-10-2024 18:08:16        
17-10-2024 18:08:22        
17-10-2024 18:08:29        
17-10-2024 18:08:35        
17-10-2024 18:08:41        
17-10-2024 18:08:47        
17-10-2024 18:08:53        
17-10-2024 18:08:59        
17-10-2024 18:09:05        
17-10-2024 18:09:11        
17-10-2024 18:09:17        
17-10-2024 18:09:24        
17-10-2024 18:09:30        
17-10-2024 18:09:36        
17-10-2024 18:09:42        
17-10-2024 18:09:48        
17-10-2024 18:09:54        
17-10-2024 18:10:00        
17-10-2024 18:10:06        
17-10-2024 18:10:12        
17-10-2024 18:10:19        
17-10-2024 18:10:25        
17-10-2024 18:10:31        
17-10-2024 18:10:37        
17-10-2024 18:10:43        
17-10-2024 18:10:49        
17-10-2024 18:10:55        
17-10-2024 18:13:25         Start OK!
17-10-2024 18:13:25        
17-10-2024 18:13:32        
17-10-2024 18:13:38        
17-10-2024 18:13:44        
17-10-2024 18:13:50        
17-10-2024 18:13:56        
17-10-2024 18:14:02        
17-10-2024 18:14:08        
17-10-2024 18:21:21         Start OK!
17-10-2024 18:21:21        MiB Mem :   3868.2 total,   2061.4 free,    894.6 used,   1157.6 buff/cache     

17-10-2024 18:21:27        MiB Mem :   3868.2 total,   2061.2 free,    894.9 used,   1157.6 buff/cache     

17-10-2024 18:21:33        MiB Mem :   3868.2 total,   2061.2 free,    894.9 used,   1157.6 buff/cache     

17-10-2024 18:21:40        MiB Mem :   3868.2 total,   2060.9 free,    895.1 used,   1157.6 buff/cache     

17-10-2024 18:21:46        MiB Mem :   3868.2 total,   2060.7 free,    895.3 used,   1157.6 buff/cache     

17-10-2024 18:21:52        MiB Mem :   3868.2 total,   2060.7 free,    895.3 used,   1157.6 buff/cache     

17-10-2024 18:21:58        MiB Mem :   3868.2 total,   2060.7 free,    895.3 used,   1157.6 buff/cache     

17-10-2024 18:22:04        MiB Mem :   3868.2 total,   2060.7 free,    895.3 used,   1157.6 buff/cache     

17-10-2024 18:22:11        MiB Mem :   3868.2 total,   2060.9 free,    895.0 used,   1157.6 buff/cache     

17-10-2024 18:22:17        MiB Mem :   3868.2 total,   2060.7 free,    895.3 used,   1157.6 buff/cache     

17-10-2024 18:22:23        MiB Mem :   3868.2 total,   2060.7 free,    895.3 used,   1157.7 buff/cache     

17-10-2024 18:22:29        MiB Mem :   3868.2 total,   2060.7 free,    895.3 used,   1157.7 buff/cache     

17-10-2024 18:22:36        MiB Mem :   3868.2 total,   2060.7 free,    895.3 used,   1157.7 buff/cache     

17-10-2024 18:22:42        MiB Mem :   3868.2 total,   2060.7 free,    895.3 used,   1157.7 buff/cache     

17-10-2024 18:22:48        MiB Mem :   3868.2 total,   2060.7 free,    895.3 used,   1157.7 buff/cache     

17-10-2024 18:22:54        MiB Mem :   3868.2 total,   2060.7 free,    895.3 used,   1157.7 buff/cache     

17-10-2024 18:23:01        MiB Mem :   3868.2 total,   2060.4 free,    895.5 used,   1157.7 buff/cache     

17-10-2024 18:23:07        MiB Mem :   3868.2 total,   2060.4 free,    895.5 used,   1157.7 buff/cache     

17-10-2024 18:23:13        MiB Mem :   3868.2 total,   2060.4 free,    895.4 used,   1157.8 buff/cache     

17-10-2024 18:23:19        MiB Mem :   3868.2 total,   2060.4 free,    895.4 used,   1157.8 buff/cache     

17-10-2024 18:23:26        MiB Mem :   3868.2 total,   2060.4 free,    895.4 used,   1157.8 buff/cache     

17-10-2024 18:23:32        MiB Mem :   3868.2 total,   2060.4 free,    895.4 used,   1157.8 buff/cache     

17-10-2024 18:23:38        MiB Mem :   3868.2 total,   2060.4 free,    895.4 used,   1157.8 buff/cache     

17-10-2024 18:23:44        MiB Mem :   3868.2 total,   2060.4 free,    895.4 used,   1157.8 buff/cache     

17-10-2024 18:23:51        MiB Mem :   3868.2 total,   2060.4 free,    895.3 used,   1157.8 buff/cache     

17-10-2024 18:23:57        MiB Mem :   3868.2 total,   2060.4 free,    895.3 used,   1157.8 buff/cache     

17-10-2024 18:24:03        MiB Mem :   3868.2 total,   2060.4 free,    895.3 used,   1157.9 buff/cache     

17-10-2024 18:24:09        MiB Mem :   3868.2 total,   2060.2 free,    895.6 used,   1157.9 buff/cache     

17-10-2024 18:24:16        MiB Mem :   3868.2 total,   2060.2 free,    895.6 used,   1157.9 buff/cache     

17-10-2024 18:24:22        MiB Mem :   3868.2 total,   2060.2 free,    895.6 used,   1157.9 buff/cache     

17-10-2024 18:24:28        MiB Mem :   3868.2 total,   2060.2 free,    895.5 used,   1157.9 buff/cache     

17-10-2024 18:24:35        MiB Mem :   3868.2 total,   2060.2 free,    895.5 used,   1157.9 buff/cache     

17-10-2024 18:24:41        MiB Mem :   3868.2 total,   2075.0 free,    880.7 used,   1157.9 buff/cache     

17-10-2024 18:24:47        MiB Mem :   3868.2 total,   2075.0 free,    880.7 used,   1157.9 buff/cache     

17-10-2024 18:24:53        MiB Mem :   3868.2 total,   2082.4 free,    873.3 used,   1157.9 buff/cache     

17-10-2024 18:25:00        MiB Mem :   3868.2 total,   2082.1 free,    873.6 used,   1157.9 buff/cache     

17-10-2024 18:25:06        MiB Mem :   3868.2 total,   2094.9 free,    860.8 used,   1157.9 buff/cache     

17-10-2024 18:25:12        MiB Mem :   3868.2 total,   2094.4 free,    861.2 used,   1157.9 buff/cache     

17-10-2024 18:25:18        MiB Mem :   3868.2 total,   2094.4 free,    861.2 used,   1157.9 buff/cache     

17-10-2024 18:25:25        MiB Mem :   3868.2 total,   2093.7 free,    862.0 used,   1158.0 buff/cache     

17-10-2024 18:25:31        MiB Mem :   3868.2 total,   2093.7 free,    862.0 used,   1158.0 buff/cache     

17-10-2024 18:25:37        MiB Mem :   3868.2 total,   2093.5 free,    862.2 used,   1158.0 buff/cache     

17-10-2024 18:25:43        MiB Mem :   3868.2 total,   2095.3 free,    860.4 used,   1158.0 buff/cache     

17-10-2024 18:25:50        MiB Mem :   3868.2 total,   2095.0 free,    860.6 used,   1158.0 buff/cache     

17-10-2024 18:25:56        MiB Mem :   3868.2 total,   2091.4 free,    864.3 used,   1158.0 buff/cache     

17-10-2024 18:26:02        MiB Mem :   3868.2 total,   2091.4 free,    864.3 used,   1158.0 buff/cache     

17-10-2024 18:26:08        MiB Mem :   3868.2 total,   2091.4 free,    864.3 used,   1158.0 buff/cache     

17-10-2024 18:26:15        MiB Mem :   3868.2 total,   2091.4 free,    864.3 used,   1158.0 buff/cache     

17-10-2024 18:26:21        MiB Mem :   3868.2 total,   2091.4 free,    864.3 used,   1158.0 buff/cache     

17-10-2024 18:26:27        MiB Mem :   3868.2 total,   2091.4 free,    864.2 used,   1158.0 buff/cache     

17-10-2024 18:26:33        MiB Mem :   3868.2 total,   2091.1 free,    864.5 used,   1158.0 buff/cache     

17-10-2024 18:26:40        MiB Mem :   3868.2 total,   2098.5 free,    857.1 used,   1158.0 buff/cache     

17-10-2024 18:26:46        MiB Mem :   3868.2 total,   2098.5 free,    857.1 used,   1158.0 buff/cache     

17-10-2024 18:26:52        MiB Mem :   3868.2 total,   2098.5 free,    857.1 used,   1158.0 buff/cache     

17-10-2024 18:26:58        MiB Mem :   3868.2 total,   2098.5 free,    857.1 used,   1158.0 buff/cache     

17-10-2024 18:27:05        MiB Mem :   3868.2 total,   2096.8 free,    858.8 used,   1158.1 buff/cache     

17-10-2024 18:27:11        MiB Mem :   3868.2 total,   2096.8 free,    858.8 used,   1158.1 buff/cache     

17-10-2024 18:27:17        MiB Mem :   3868.2 total,   2096.8 free,    858.8 used,   1158.1 buff/cache     

17-10-2024 18:27:23        MiB Mem :   3868.2 total,   2096.5 free,    859.0 used,   1158.1 buff/cache     

17-10-2024 18:27:30        MiB Mem :   3868.2 total,   2096.5 free,    859.0 used,   1158.1 buff/cache     

17-10-2024 18:27:36        MiB Mem :   3868.2 total,   2096.5 free,    859.0 used,   1158.1 buff/cache     

17-10-2024 18:27:42        MiB Mem :   3868.2 total,   2096.5 free,    859.0 used,   1158.1 buff/cache     

17-10-2024 18:27:48        MiB Mem :   3868.2 total,   2096.5 free,    859.0 used,   1158.1 buff/cache     

17-10-2024 18:27:55        MiB Mem :   3868.2 total,   2096.5 free,    859.0 used,   1158.1 buff/cache     

17-10-2024 18:28:01        MiB Mem :   3868.2 total,   2096.5 free,    859.0 used,   1158.1 buff/cache     

17-10-2024 18:28:07        MiB Mem :   3868.2 total,   2096.5 free,    859.0 used,   1158.1 buff/cache     

17-10-2024 18:28:13        MiB Mem :   3868.2 total,   2096.6 free,    858.9 used,   1158.1 buff/cache     

17-10-2024 18:28:20        MiB Mem :   3868.2 total,   2096.6 free,    858.9 used,   1158.1 buff/cache     

17-10-2024 18:28:26        MiB Mem :   3868.2 total,   2096.6 free,    858.9 used,   1158.1 buff/cache     

17-10-2024 18:28:32        MiB Mem :   3868.2 total,   2096.6 free,    858.9 used,   1158.1 buff/cache     

17-10-2024 18:28:38        MiB Mem :   3868.2 total,   2096.6 free,    858.9 used,   1158.1 buff/cache     

17-10-2024 18:28:45        MiB Mem :   3868.2 total,   2096.6 free,    858.9 used,   1158.1 buff/cache     

17-10-2024 18:28:51        MiB Mem :   3868.2 total,   2096.6 free,    858.9 used,   1158.1 buff/cache     

17-10-2024 18:28:57        MiB Mem :   3868.2 total,   2096.6 free,    858.9 used,   1158.2 buff/cache     

17-10-2024 18:29:03        MiB Mem :   3868.2 total,   2096.6 free,    858.9 used,   1158.2 buff/cache     

17-10-2024 18:29:10        MiB Mem :   3868.2 total,   2098.9 free,    856.6 used,   1158.2 buff/cache     

17-10-2024 18:29:16        MiB Mem :   3868.2 total,   2098.9 free,    856.6 used,   1158.2 buff/cache     

17-10-2024 18:29:22        MiB Mem :   3868.2 total,   2098.9 free,    856.6 used,   1158.2 buff/cache     

17-10-2024 18:29:28        MiB Mem :   3868.2 total,   2098.9 free,    856.6 used,   1158.2 buff/cache     

17-10-2024 18:29:35        MiB Mem :   3868.2 total,   2098.9 free,    856.6 used,   1158.2 buff/cache     

17-10-2024 18:29:41        MiB Mem :   3868.2 total,   2098.9 free,    856.6 used,   1158.2 buff/cache     

17-10-2024 18:29:47        MiB Mem :   3868.2 total,   2098.9 free,    856.6 used,   1158.2 buff/cache     

17-10-2024 18:29:53        MiB Mem :   3868.2 total,   2098.9 free,    856.6 used,   1158.2 buff/cache     

17-10-2024 18:30:00        MiB Mem :   3868.2 total,   2098.9 free,    856.6 used,   1158.2 buff/cache     

17-10-2024 18:30:06        MiB Mem :   3868.2 total,   2098.6 free,    856.8 used,   1158.2 buff/cache     

17-10-2024 18:30:12        MiB Mem :   3868.2 total,   2098.6 free,    856.8 used,   1158.2 buff/cache     

17-10-2024 18:30:18        MiB Mem :   3868.2 total,   2098.6 free,    856.7 used,   1158.2 buff/cache     

17-10-2024 18:30:25        MiB Mem :   3868.2 total,   2098.6 free,    856.7 used,   1158.2 buff/cache     

17-10-2024 18:30:31        MiB Mem :   3868.2 total,   2098.6 free,    856.7 used,   1158.2 buff/cache     

17-10-2024 18:30:37        MiB Mem :   3868.2 total,   2098.4 free,    857.0 used,   1158.2 buff/cache     

17-10-2024 18:30:43        MiB Mem :   3868.2 total,   2098.4 free,    857.0 used,   1158.2 buff/cache     

17-10-2024 18:30:50        MiB Mem :   3868.2 total,   2098.4 free,    857.0 used,   1158.3 buff/cache     

17-10-2024 18:30:56        MiB Mem :   3868.2 total,   2098.1 free,    857.2 used,   1158.3 buff/cache     

17-10-2024 18:31:02        MiB Mem :   3868.2 total,   2097.9 free,    857.5 used,   1158.3 buff/cache     

17-10-2024 18:31:08        MiB Mem :   3868.2 total,   2097.9 free,    857.5 used,   1158.3 buff/cache     

17-10-2024 18:31:15        MiB Mem :   3868.2 total,   2097.7 free,    857.7 used,   1158.3 buff/cache     

17-10-2024 18:31:21        MiB Mem :   3868.2 total,   2097.7 free,    857.7 used,   1158.3 buff/cache     

17-10-2024 18:31:27        MiB Mem :   3868.2 total,   2097.7 free,    857.7 used,   1158.3 buff/cache     

17-10-2024 18:31:33        MiB Mem :   3868.2 total,   2097.7 free,    857.7 used,   1158.3 buff/cache     

17-10-2024 18:31:40        MiB Mem :   3868.2 total,   2097.7 free,    857.7 used,   1158.3 buff/cache     

17-10-2024 18:31:46        MiB Mem :   3868.2 total,   2097.7 free,    857.6 used,   1158.3 buff/cache     

17-10-2024 18:31:52        MiB Mem :   3868.2 total,   2097.7 free,    857.6 used,   1158.3 buff/cache     

17-10-2024 18:31:58        MiB Mem :   3868.2 total,   2097.7 free,    857.6 used,   1158.3 buff/cache     

17-10-2024 18:32:05        MiB Mem :   3868.2 total,   2097.7 free,    857.6 used,   1158.3 buff/cache     

17-10-2024 18:32:11        MiB Mem :   3868.2 total,   2097.7 free,    857.6 used,   1158.3 buff/cache     

17-10-2024 18:32:17        MiB Mem :   3868.2 total,   2097.4 free,    857.9 used,   1158.4 buff/cache     

17-10-2024 18:32:23        MiB Mem :   3868.2 total,   2097.4 free,    857.8 used,   1158.4 buff/cache     

17-10-2024 18:32:29        MiB Mem :   3868.2 total,   2097.4 free,    857.8 used,   1158.4 buff/cache     

17-10-2024 18:32:36        MiB Mem :   3868.2 total,   2097.4 free,    857.8 used,   1158.4 buff/cache     

17-10-2024 18:32:42        MiB Mem :   3868.2 total,   2097.4 free,    857.8 used,   1158.4 buff/cache     

17-10-2024 18:32:48        MiB Mem :   3868.2 total,   2097.4 free,    857.8 used,   1158.4 buff/cache     

17-10-2024 18:32:54        MiB Mem :   3868.2 total,   2097.4 free,    857.8 used,   1158.4 buff/cache     

17-10-2024 18:33:01        MiB Mem :   3868.2 total,   2097.2 free,    858.1 used,   1158.4 buff/cache     

17-10-2024 18:33:07        MiB Mem :   3868.2 total,   2097.2 free,    858.1 used,   1158.4 buff/cache     

17-10-2024 18:33:13        MiB Mem :   3868.2 total,   2097.2 free,    858.0 used,   1158.4 buff/cache     

17-10-2024 18:33:20        MiB Mem :   3868.2 total,   2097.2 free,    858.0 used,   1158.4 buff/cache     

17-10-2024 18:33:26        MiB Mem :   3868.2 total,   2097.2 free,    858.0 used,   1158.4 buff/cache     

17-10-2024 18:33:32        MiB Mem :   3868.2 total,   2097.2 free,    858.0 used,   1158.4 buff/cache     

17-10-2024 18:33:38        MiB Mem :   3868.2 total,   2097.2 free,    858.0 used,   1158.4 buff/cache     

17-10-2024 18:33:45        MiB Mem :   3868.2 total,   2097.2 free,    858.0 used,   1158.4 buff/cache     

17-10-2024 18:33:51        MiB Mem :   3868.2 total,   2097.2 free,    858.0 used,   1158.5 buff/cache     

17-10-2024 18:33:57        MiB Mem :   3868.2 total,   2097.2 free,    858.0 used,   1158.5 buff/cache     

17-10-2024 18:34:03        MiB Mem :   3868.2 total,   2097.2 free,    858.0 used,   1158.5 buff/cache     

17-10-2024 18:34:09        MiB Mem :   3868.2 total,   2096.9 free,    858.2 used,   1158.5 buff/cache     

17-10-2024 18:34:16        MiB Mem :   3868.2 total,   2096.9 free,    858.2 used,   1158.5 buff/cache     

17-10-2024 18:34:22        MiB Mem :   3868.2 total,   2096.9 free,    858.2 used,   1158.5 buff/cache     

17-10-2024 18:34:28        MiB Mem :   3868.2 total,   2096.9 free,    858.2 used,   1158.5 buff/cache     

17-10-2024 18:34:35        MiB Mem :   3868.2 total,   2096.9 free,    858.2 used,   1158.5 buff/cache     

17-10-2024 18:34:41        MiB Mem :   3868.2 total,   2096.9 free,    858.2 used,   1158.5 buff/cache     

17-10-2024 18:34:47        MiB Mem :   3868.2 total,   2113.7 free,    841.3 used,   1158.6 buff/cache     

17-10-2024 18:34:53        MiB Mem :   3868.2 total,   2110.8 free,    844.2 used,   1158.6 buff/cache     

17-10-2024 18:35:00        MiB Mem :   3868.2 total,   2110.8 free,    844.2 used,   1158.6 buff/cache     

17-10-2024 18:35:06        MiB Mem :   3868.2 total,   2111.1 free,    843.9 used,   1158.6 buff/cache     

17-10-2024 18:35:12        MiB Mem :   3868.2 total,   2109.4 free,    845.6 used,   1158.6 buff/cache     

17-10-2024 18:35:18        MiB Mem :   3868.2 total,   2109.6 free,    845.4 used,   1158.7 buff/cache     

17-10-2024 18:35:25        MiB Mem :   3868.2 total,   2109.6 free,    845.4 used,   1158.7 buff/cache     

17-10-2024 18:35:31        MiB Mem :   3868.2 total,   2107.6 free,    847.3 used,   1158.7 buff/cache     

17-10-2024 18:35:37        MiB Mem :   3868.2 total,   2107.4 free,    847.6 used,   1158.7 buff/cache     

17-10-2024 18:35:43        MiB Mem :   3868.2 total,   2107.2 free,    847.8 used,   1158.7 buff/cache     

17-10-2024 18:35:50        MiB Mem :   3868.2 total,   2107.2 free,    847.8 used,   1158.7 buff/cache     

17-10-2024 18:35:56        MiB Mem :   3868.2 total,   2107.2 free,    847.8 used,   1158.7 buff/cache     

17-10-2024 18:36:02        MiB Mem :   3868.2 total,   2107.2 free,    847.8 used,   1158.7 buff/cache     

17-10-2024 18:36:08        MiB Mem :   3868.2 total,   2108.6 free,    846.3 used,   1158.7 buff/cache     

17-10-2024 18:36:15        MiB Mem :   3868.2 total,   2107.7 free,    847.3 used,   1158.7 buff/cache     

17-10-2024 18:36:21        MiB Mem :   3868.2 total,   2105.9 free,    849.0 used,   1158.7 buff/cache     

17-10-2024 18:36:27        MiB Mem :   3868.2 total,   2105.9 free,    849.0 used,   1158.7 buff/cache     

17-10-2024 18:36:33        MiB Mem :   3868.2 total,   2105.9 free,    849.0 used,   1158.7 buff/cache     

17-10-2024 18:36:40        MiB Mem :   3868.2 total,   2105.9 free,    849.0 used,   1158.7 buff/cache     

17-10-2024 18:36:46        MiB Mem :   3868.2 total,   2089.3 free,    865.6 used,   1158.7 buff/cache     

17-10-2024 18:36:52        MiB Mem :   3868.2 total,   2108.5 free,    846.4 used,   1158.8 buff/cache     

17-10-2024 18:36:58        MiB Mem :   3868.2 total,   2108.2 free,    846.6 used,   1158.8 buff/cache     

17-10-2024 18:37:05        MiB Mem :   3868.2 total,   2108.2 free,    846.6 used,   1158.8 buff/cache     

17-10-2024 18:37:11        MiB Mem :   3868.2 total,   2106.5 free,    848.4 used,   1158.8 buff/cache     

17-10-2024 18:37:17        MiB Mem :   3868.2 total,   2106.5 free,    848.3 used,   1158.8 buff/cache     

17-10-2024 18:37:24        MiB Mem :   3868.2 total,   2106.5 free,    848.3 used,   1158.8 buff/cache     

17-10-2024 18:37:30        MiB Mem :   3868.2 total,   2106.5 free,    848.3 used,   1158.8 buff/cache     

17-10-2024 18:37:36        MiB Mem :   3868.2 total,   2106.0 free,    848.8 used,   1158.8 buff/cache     

17-10-2024 18:37:42        MiB Mem :   3868.2 total,   2107.6 free,    847.3 used,   1158.8 buff/cache     

17-10-2024 18:37:49        MiB Mem :   3868.2 total,   2107.6 free,    847.3 used,   1158.8 buff/cache     

17-10-2024 18:37:55        MiB Mem :   3868.2 total,   2107.3 free,    847.5 used,   1158.8 buff/cache     

17-10-2024 18:38:01        MiB Mem :   3868.2 total,   2107.3 free,    847.5 used,   1158.8 buff/cache     

17-10-2024 18:38:07        MiB Mem :   3868.2 total,   2107.3 free,    847.5 used,   1158.8 buff/cache     

17-10-2024 18:38:14        MiB Mem :   3868.2 total,   2107.1 free,    847.7 used,   1158.8 buff/cache     

17-10-2024 18:38:20        MiB Mem :   3868.2 total,   2107.1 free,    847.7 used,   1158.8 buff/cache     

